<?xml version="1.0" encoding="UTF-8"?>
<!-- Generated by org.testng.reporters.JUnitReportReporter -->
<testsuite skipped="0" hostname="DESKTOP-HS1HQ0N" name="BaseDriver.practiceProfile" tests="1" failures="0" timestamp="25 Feb 2018 10:45:56 GMT" time="15.833" errors="0">
  <testcase name="startBrowser" time="15.833" classname="BaseDriver.practiceProfile"/>
</testsuite> <!-- BaseDriver.practiceProfile -->
