<?xml version="1.0" encoding="UTF-8"?>
<!-- Generated by org.testng.reporters.JUnitReportReporter -->
<testsuite skipped="0" hostname="DESKTOP-HS1HQ0N" name="BussinessScripts.Paytmlogin" tests="1" failures="0" timestamp="20 Feb 2018 18:16:39 GMT" time="10.868" errors="0">
  <testcase name="patymExec" time="10.868" classname="BussinessScripts.Paytmlogin"/>
</testsuite> <!-- BussinessScripts.Paytmlogin -->
