<?xml version="1.0" encoding="UTF-8"?>
<!-- Generated by org.testng.reporters.JUnitReportReporter -->
<testsuite skipped="0" hostname="DESKTOP-HS1HQ0N" name="StreamsBS.AllLoginsData" tests="1" failures="0" timestamp="14 Mar 2018 19:04:18 GMT" time="39.149" errors="0">
  <testcase name="AllLoginMethod" time="39.149" classname="StreamsBS.AllLoginsData"/>
</testsuite> <!-- StreamsBS.AllLoginsData -->
