<?xml version="1.0" encoding="UTF-8"?>
<!-- Generated by org.testng.reporters.JUnitReportReporter -->
<testsuite skipped="0" hostname="DESKTOP-HS1HQ0N" name="PobytBusinessScripts.PobytLogin" tests="1" failures="0" timestamp="27 Feb 2018 03:39:15 GMT" time="13.867" errors="0">
  <testcase name="LoginMethod" time="13.867" classname="PobytBusinessScripts.PobytLogin"/>
</testsuite> <!-- PobytBusinessScripts.PobytLogin -->
