<?xml version="1.0" encoding="UTF-8"?>
<!-- Generated by org.testng.reporters.JUnitReportReporter -->
<testsuite skipped="0" hostname="DESKTOP-HS1HQ0N" name="ActionDriver.sample" tests="1" failures="0" timestamp="20 Feb 2018 18:15:30 GMT" time="19.329" errors="0">
  <testcase name="runTest" time="19.329" classname="ActionDriver.sample"/>
</testsuite> <!-- ActionDriver.sample -->
